=== Configurations ===
Config: TaskName set to 'Face_recognition'
🚀 Enhanced GS-LoRA CLU Training - Step 5
============================================================
🔧 Configuration:
   Device: cuda
   LoRA Rank: 16 (Enhanced)
   Base Learning Rate: 0.001
   Training Phases: 30 + 60 + 30 = 120 epochs
   Loss Weights: Retain=2.0, New=2.0, Forget=0.15
   Sparsity Settings: Warmup=10, Alpha_K=0.003
   Learning Rate Multipliers: LoRA=2.0x, Retain=0.5x, New=1.5x
   Step Description: Final step: Retain 50-89, Forget 40-49, Learn 90-99
============================================================

================================================================================
ENHANCED GS-LoRA STEP 5
Retain Classes: 50-89 (40 classes)
Forget Classes: 40-49 (10 classes)
New Classes:    90-99 (10 classes)
LoRA Rank: 16, Epochs: 120
================================================================================
🛠️ Explicitly received params: {'GPU_ID': [0], 'num_class': 100, 'lora_rank': 16}
🔒 LoRA mode (rank=16): Freezing backbone, unfreezing LoRA + classifier
Loaded pretrained weights from timm: deit_tiny_patch16_224
✅ Loaded pretrained weights
✅ Built face model

📊 Parameter Summary:
  🔢 Total Parameters     : 5.79M
  ✅ Trainable Parameters : 0.39M
  📉 % Trainable          : 6.69%
✓ Loaded model from: checkpoints/steps/40_89.pth
  Compatible parameters: 187/187
✓ Found 12 LoRA groups for enhanced sparse regularization
✓ Data loaders created:
  Retain: 66 batches
  Forget: 121 batches
  New:    24 batches
✓ Enhanced optimizer created with 2 parameter groups

🚀 Starting Enhanced Training for 120 epochs
Phase Schedule: Retention(30) -> Balanced(60) -> Fine-tuning(30)
Epoch 001/120 [Retention ] | Retain 53.12%(29.2) | Forget 0.00%(20.0) | New 77.84%(30.2) | Combined 54.39% | Balanced 65.48% | H-Mean 69.38 | Efficiency 65.48 | Zero 0.000 | LR 1.50e-03 | α 0.0000
  ✓ Saved new best model: Combined Acc 54.39%
    Path: checkpoints/steps/best_step5_epoch1.pth
Epoch 002/120 [Retention ] | Retain 53.60%(30.8) | Forget 0.00%(23.1) | New 74.23%(29.1) | Combined 54.66% | Balanced 63.91% | H-Mean 69.79 | Efficiency 63.91 | Zero 0.000 | LR 1.50e-03 | α 0.0000
Epoch 003/120 [Retention ] | Retain 54.38%(31.2) | Forget 0.00%(23.6) | New 76.80%(34.0) | Combined 55.53% | Balanced 65.59% | H-Mean 70.45 | Efficiency 65.59 | Zero 0.000 | LR 1.50e-03 | α 0.0000
  ✓ Saved new best model: Combined Acc 55.53%
    Path: checkpoints/steps/best_step5_epoch3.pth
Epoch 004/120 [Retention ] | Retain 54.55%(32.2) | Forget 0.00%(23.8) | New 82.99%(35.4) | Combined 56.01% | Balanced 68.77% | H-Mean 70.59 | Efficiency 68.77 | Zero 0.000 | LR 1.50e-03 | α 0.0000
Epoch 005/120 [Retention ] | Retain 55.16%(31.9) | Forget 0.00%(23.8) | New 78.87%(35.6) | Combined 56.38% | Balanced 67.01% | H-Mean 71.10 | Efficiency 67.01 | Zero 0.000 | LR 1.50e-03 | α 0.0000
  ✓ Saved new best model: Combined Acc 56.38%
    Path: checkpoints/steps/best_step5_epoch5.pth
Epoch 006/120 [Retention ] | Retain 56.93%(32.5) | Forget 0.00%(23.7) | New 83.51%(36.7) | Combined 58.30% | Balanced 70.22% | H-Mean 72.55 | Efficiency 70.22 | Zero 0.000 | LR 1.50e-03 | α 0.0000
  ✓ Saved new best model: Combined Acc 58.30%
    Path: checkpoints/steps/best_step5_epoch6.pth
Epoch 007/120 [Retention ] | Retain 57.29%(33.0) | Forget 0.00%(24.8) | New 83.51%(37.0) | Combined 58.64% | Balanced 70.40% | H-Mean 72.85 | Efficiency 70.40 | Zero 0.000 | LR 1.50e-03 | α 0.0000
Epoch 008/120 [Retention ] | Retain 58.52%(32.0) | Forget 0.00%(23.1) | New 84.54%(34.6) | Combined 59.86% | Balanced 71.53% | H-Mean 73.83 | Efficiency 71.53 | Zero 0.000 | LR 1.50e-03 | α 0.0000
  ✓ Saved new best model: Combined Acc 59.86%
    Path: checkpoints/steps/best_step5_epoch8.pth
Epoch 009/120 [Retention ] | Retain 56.17%(32.5) | Forget 0.00%(25.6) | New 80.93%(38.4) | Combined 57.45% | Balanced 68.55% | H-Mean 71.94 | Efficiency 68.55 | Zero 0.000 | LR 1.50e-03 | α 0.0000
Epoch 010/120 [Retention ] | Retain 57.57%(31.4) | Forget 0.00%(22.8) | New 86.08%(36.8) | Combined 59.04% | Balanced 71.83% | H-Mean 73.07 | Efficiency 71.83 | Zero 0.000 | LR 1.50e-03 | α 0.0000
Epoch 011/120 [Retention ] | Retain 58.52%(33.0) | Forget 0.00%(24.8) | New 85.57%(35.7) | Combined 59.92% | Balanced 72.04% | H-Mean 73.83 | Efficiency 72.04 | Zero 0.000 | LR 1.50e-03 | α 0.0001
Epoch 012/120 [Retention ] | Retain 55.78%(32.7) | Forget 0.00%(25.2) | New 83.51%(39.4) | Combined 57.21% | Balanced 69.64% | H-Mean 71.61 | Efficiency 69.64 | Zero 0.000 | LR 1.50e-03 | α 0.0002
Epoch 013/120 [Retention ] | Retain 56.14%(33.2) | Forget 0.00%(26.2) | New 86.08%(41.6) | Combined 57.69% | Balanced 71.11% | H-Mean 71.91 | Efficiency 71.11 | Zero 0.000 | LR 1.50e-03 | α 0.0002
Epoch 014/120 [Retention ] | Retain 58.35%(33.0) | Forget 0.00%(25.2) | New 86.08%(38.6) | Combined 59.78% | Balanced 72.22% | H-Mean 73.70 | Efficiency 72.22 | Zero 0.000 | LR 1.50e-03 | α 0.0003
Epoch 015/120 [Retention ] | Retain 56.51%(32.6) | Forget 0.00%(25.7) | New 87.63%(39.1) | Combined 58.11% | Balanced 72.07% | H-Mean 72.21 | Efficiency 72.07 | Zero 0.000 | LR 1.50e-03 | α 0.0004
Epoch 016/120 [Retention ] | Retain 57.79%(33.2) | Forget 0.00%(26.9) | New 87.11%(38.6) | Combined 59.30% | Balanced 72.45% | H-Mean 73.25 | Efficiency 72.45 | Zero 0.000 | LR 1.50e-03 | α 0.0005
Epoch 017/120 [Retention ] | Retain 58.69%(33.6) | Forget 0.00%(26.0) | New 89.69%(40.2) | Combined 60.29% | Balanced 74.19% | H-Mean 73.97 | Efficiency 74.19 | Zero 0.000 | LR 1.50e-03 | α 0.0005
Epoch 018/120 [Retention ] | Retain 57.71%(33.2) | Forget 0.00%(26.6) | New 86.08%(39.4) | Combined 59.17% | Balanced 71.90% | H-Mean 73.19 | Efficiency 71.90 | Zero 0.000 | LR 1.50e-03 | α 0.0006
Epoch 019/120 [Retention ] | Retain 57.63%(34.0) | Forget 0.00%(26.5) | New 87.63%(38.9) | Combined 59.17% | Balanced 72.63% | H-Mean 73.12 | Efficiency 72.63 | Zero 0.000 | LR 1.50e-03 | α 0.0007
Epoch 020/120 [Retention ] | Retain 57.77%(32.9) | Forget 0.00%(25.2) | New 88.66%(36.8) | Combined 59.36% | Balanced 73.21% | H-Mean 73.23 | Efficiency 73.21 | Zero 0.000 | LR 1.50e-03 | α 0.0007
Epoch 021/120 [Retention ] | Retain 57.23%(33.9) | Forget 0.00%(26.3) | New 89.18%(39.7) | Combined 58.88% | Balanced 73.21% | H-Mean 72.80 | Efficiency 73.21 | Zero 0.000 | LR 1.50e-03 | α 0.0008
Epoch 022/120 [Retention ] | Retain 57.46%(32.9) | Forget 0.00%(24.8) | New 84.54%(39.3) | Combined 58.85% | Balanced 71.00% | H-Mean 72.98 | Efficiency 71.00 | Zero 0.000 | LR 1.50e-03 | α 0.0008
Epoch 023/120 [Retention ] | Retain 57.43%(32.5) | Forget 0.00%(25.0) | New 87.63%(39.0) | Combined 58.99% | Balanced 72.53% | H-Mean 72.96 | Efficiency 72.53 | Zero 0.000 | LR 1.50e-03 | α 0.0009
Epoch 024/120 [Retention ] | Retain 58.33%(32.7) | Forget 0.00%(25.1) | New 88.14%(39.0) | Combined 59.86% | Balanced 73.24% | H-Mean 73.68 | Efficiency 73.24 | Zero 0.000 | LR 1.50e-03 | α 0.0010
Epoch 025/120 [Retention ] | Retain 57.77%(33.1) | Forget 0.00%(26.8) | New 87.63%(39.9) | Combined 59.30% | Balanced 72.70% | H-Mean 73.23 | Efficiency 72.70 | Zero 0.000 | LR 1.50e-03 | α 0.0010
Epoch 026/120 [Retention ] | Retain 58.10%(33.2) | Forget 0.00%(25.7) | New 89.69%(37.7) | Combined 59.73% | Balanced 73.90% | H-Mean 73.50 | Efficiency 73.90 | Zero 0.000 | LR 1.50e-03 | α 0.0011
Epoch 027/120 [Retention ] | Retain 58.44%(32.8) | Forget 0.00%(26.5) | New 85.57%(37.7) | Combined 59.84% | Balanced 72.00% | H-Mean 73.77 | Efficiency 72.00 | Zero 0.000 | LR 1.50e-03 | α 0.0011
Epoch 028/120 [Retention ] | Retain 58.07%(32.8) | Forget 0.00%(26.3) | New 87.63%(39.5) | Combined 59.60% | Balanced 72.85% | H-Mean 73.48 | Efficiency 72.85 | Zero 0.000 | LR 1.50e-03 | α 0.0012
Epoch 029/120 [Retention ] | Retain 58.21%(33.4) | Forget 0.00%(26.9) | New 88.66%(38.8) | Combined 59.78% | Balanced 73.44% | H-Mean 73.59 | Efficiency 73.44 | Zero 0.000 | LR 1.50e-03 | α 0.0012
Epoch 030/120 [Retention ] | Retain 58.16%(32.6) | Forget 0.00%(25.6) | New 90.72%(40.5) | Combined 59.84% | Balanced 74.44% | H-Mean 73.54 | Efficiency 74.44 | Zero 0.000 | LR 1.50e-03 | α 0.0013

🔄 Transitioning to Balanced Phase (emphasis on both retain and new)
Epoch 031/120 [Balanced  ] | Retain 58.10%(32.8) | Forget 0.00%(25.8) | New 88.14%(40.7) | Combined 59.65% | Balanced 73.12% | H-Mean 73.50 | Efficiency 73.12 | Zero 0.000 | LR 1.49e-03 | α 0.0013
Epoch 032/120 [Balanced  ] | Retain 57.43%(33.8) | Forget 0.00%(26.9) | New 86.08%(40.2) | Combined 58.91% | Balanced 71.76% | H-Mean 72.96 | Efficiency 71.76 | Zero 0.000 | LR 1.48e-03 | α 0.0014
Epoch 033/120 [Balanced  ] | Retain 58.35%(33.2) | Forget 0.00%(25.8) | New 89.69%(39.7) | Combined 59.97% | Balanced 74.02% | H-Mean 73.70 | Efficiency 74.02 | Zero 0.000 | LR 1.48e-03 | α 0.0014
Epoch 034/120 [Balanced  ] | Retain 57.74%(33.4) | Forget 0.00%(26.4) | New 89.18%(41.9) | Combined 59.36% | Balanced 73.46% | H-Mean 73.21 | Efficiency 73.46 | Zero 0.000 | LR 1.47e-03 | α 0.0014
Epoch 035/120 [Balanced  ] | Retain 57.07%(33.4) | Forget 0.00%(26.8) | New 88.14%(41.3) | Combined 58.67% | Balanced 72.61% | H-Mean 72.67 | Efficiency 72.61 | Zero 0.000 | LR 1.46e-03 | α 0.0015
Epoch 036/120 [Balanced  ] | Retain 58.83%(32.8) | Forget 0.00%(26.8) | New 89.69%(40.3) | Combined 60.42% | Balanced 74.26% | H-Mean 74.08 | Efficiency 74.26 | Zero 0.000 | LR 1.45e-03 | α 0.0015
  ✓ Saved new best model: Combined Acc 60.42%
    Path: checkpoints/steps/best_step5_epoch36.pth
Epoch 037/120 [Balanced  ] | Retain 58.91%(33.1) | Forget 0.00%(27.0) | New 88.14%(40.0) | Combined 60.42% | Balanced 73.53% | H-Mean 74.15 | Efficiency 73.53 | Zero 0.000 | LR 1.45e-03 | α 0.0016
Epoch 038/120 [Balanced  ] | Retain 57.79%(33.2) | Forget 0.00%(26.2) | New 92.78%(43.8) | Combined 59.60% | Balanced 75.29% | H-Mean 73.25 | Efficiency 75.29 | Zero 0.000 | LR 1.44e-03 | α 0.0016
Epoch 039/120 [Balanced  ] | Retain 56.40%(33.7) | Forget 0.00%(26.3) | New 91.24%(42.1) | Combined 58.19% | Balanced 73.82% | H-Mean 72.12 | Efficiency 73.82 | Zero 0.000 | LR 1.43e-03 | α 0.0016
Epoch 040/120 [Balanced  ] | Retain 57.35%(33.8) | Forget 0.00%(26.6) | New 92.78%(44.4) | Combined 59.17% | Balanced 75.07% | H-Mean 72.89 | Efficiency 75.07 | Zero 0.000 | LR 1.43e-03 | α 0.0017
Epoch 041/120 [Balanced  ] | Retain 58.77%(32.5) | Forget 0.00%(26.1) | New 91.75%(42.4) | Combined 60.47% | Balanced 75.26% | H-Mean 74.03 | Efficiency 75.26 | Zero 0.000 | LR 1.42e-03 | α 0.0017
Epoch 042/120 [Balanced  ] | Retain 58.66%(33.1) | Forget 0.00%(27.5) | New 91.24%(42.5) | Combined 60.34% | Balanced 74.95% | H-Mean 73.95 | Efficiency 74.95 | Zero 0.000 | LR 1.41e-03 | α 0.0017
Epoch 043/120 [Balanced  ] | Retain 58.33%(32.3) | Forget 0.00%(26.6) | New 91.75%(45.3) | Combined 60.05% | Balanced 75.04% | H-Mean 73.68 | Efficiency 75.04 | Zero 0.000 | LR 1.40e-03 | α 0.0018
Epoch 044/120 [Balanced  ] | Retain 59.70%(33.2) | Forget 0.00%(26.5) | New 91.24%(44.7) | Combined 61.32% | Balanced 75.47% | H-Mean 74.76 | Efficiency 75.47 | Zero 0.000 | LR 1.39e-03 | α 0.0018
  ✓ Saved new best model: Combined Acc 61.32%
    Path: checkpoints/steps/best_step5_epoch44.pth
Epoch 045/120 [Balanced  ] | Retain 58.91%(33.3) | Forget 0.00%(26.7) | New 92.27%(44.1) | Combined 60.63% | Balanced 75.59% | H-Mean 74.15 | Efficiency 75.59 | Zero 0.000 | LR 1.39e-03 | α 0.0018
Epoch 046/120 [Balanced  ] | Retain 58.61%(32.4) | Forget 0.00%(26.5) | New 89.18%(43.7) | Combined 60.18% | Balanced 73.89% | H-Mean 73.90 | Efficiency 73.89 | Zero 0.000 | LR 1.38e-03 | α 0.0019
Epoch 047/120 [Balanced  ] | Retain 58.41%(32.8) | Forget 0.00%(27.2) | New 91.75%(43.8) | Combined 60.13% | Balanced 75.08% | H-Mean 73.75 | Efficiency 75.08 | Zero 0.000 | LR 1.37e-03 | α 0.0019
Epoch 048/120 [Balanced  ] | Retain 59.78%(33.0) | Forget 0.00%(27.4) | New 90.72%(43.9) | Combined 61.38% | Balanced 75.25% | H-Mean 74.83 | Efficiency 75.25 | Zero 0.000 | LR 1.36e-03 | α 0.0019
Epoch 049/120 [Balanced  ] | Retain 59.31%(33.9) | Forget 0.00%(27.0) | New 90.72%(44.7) | Combined 60.92% | Balanced 75.01% | H-Mean 74.46 | Efficiency 75.01 | Zero 0.000 | LR 1.36e-03 | α 0.0020
Epoch 050/120 [Balanced  ] | Retain 57.26%(33.3) | Forget 0.00%(27.5) | New 92.27%(44.6) | Combined 59.07% | Balanced 74.77% | H-Mean 72.82 | Efficiency 74.77 | Zero 0.000 | LR 1.35e-03 | α 0.0020
Epoch 051/120 [Balanced  ] | Retain 57.23%(32.8) | Forget 0.00%(27.5) | New 90.72%(45.8) | Combined 58.96% | Balanced 73.98% | H-Mean 72.80 | Efficiency 73.98 | Zero 0.000 | LR 1.34e-03 | α 0.0020
Epoch 052/120 [Balanced  ] | Retain 57.09%(33.4) | Forget 0.00%(27.5) | New 90.72%(45.1) | Combined 58.83% | Balanced 73.91% | H-Mean 72.69 | Efficiency 73.91 | Zero 0.000 | LR 1.34e-03 | α 0.0020
Epoch 053/120 [Balanced  ] | Retain 57.99%(33.1) | Forget 0.00%(27.3) | New 94.33%(45.4) | Combined 59.86% | Balanced 76.16% | H-Mean 73.41 | Efficiency 76.16 | Zero 0.000 | LR 1.33e-03 | α 0.0021
Epoch 054/120 [Balanced  ] | Retain 57.46%(33.6) | Forget 0.00%(28.2) | New 95.88%(46.0) | Combined 59.44% | Balanced 76.67% | H-Mean 72.98 | Efficiency 76.67 | Zero 0.000 | LR 1.32e-03 | α 0.0021
Epoch 055/120 [Balanced  ] | Retain 59.73%(33.6) | Forget 0.00%(27.6) | New 92.27%(46.7) | Combined 61.40% | Balanced 76.00% | H-Mean 74.79 | Efficiency 76.00 | Zero 0.000 | LR 1.31e-03 | α 0.0021
Epoch 056/120 [Balanced  ] | Retain 59.42%(32.7) | Forget 0.00%(26.8) | New 94.33%(46.5) | Combined 61.22% | Balanced 76.87% | H-Mean 74.54 | Efficiency 76.87 | Zero 0.000 | LR 1.30e-03 | α 0.0021
Epoch 057/120 [Balanced  ] | Retain 59.08%(32.6) | Forget 0.00%(26.9) | New 93.81%(47.4) | Combined 60.87% | Balanced 76.45% | H-Mean 74.28 | Efficiency 76.45 | Zero 0.000 | LR 1.30e-03 | α 0.0022
Epoch 058/120 [Balanced  ] | Retain 57.57%(33.3) | Forget 0.00%(27.8) | New 93.81%(45.8) | Combined 59.44% | Balanced 75.69% | H-Mean 73.07 | Efficiency 75.69 | Zero 0.000 | LR 1.29e-03 | α 0.0022
Epoch 059/120 [Balanced  ] | Retain 58.58%(32.7) | Forget 0.00%(26.7) | New 92.27%(47.3) | Combined 60.31% | Balanced 75.42% | H-Mean 73.88 | Efficiency 75.42 | Zero 0.000 | LR 1.28e-03 | α 0.0022
Epoch 060/120 [Balanced  ] | Retain 57.82%(32.6) | Forget 0.00%(27.2) | New 92.78%(47.0) | Combined 59.62% | Balanced 75.30% | H-Mean 73.28 | Efficiency 75.30 | Zero 0.000 | LR 1.27e-03 | α 0.0022
Epoch 061/120 [Balanced  ] | Retain 57.68%(32.3) | Forget 0.00%(26.8) | New 92.27%(47.7) | Combined 59.46% | Balanced 74.98% | H-Mean 73.16 | Efficiency 74.98 | Zero 0.000 | LR 1.27e-03 | α 0.0023
Epoch 062/120 [Balanced  ] | Retain 59.05%(33.4) | Forget 0.00%(27.5) | New 93.30%(46.1) | Combined 60.82% | Balanced 76.18% | H-Mean 74.26 | Efficiency 76.18 | Zero 0.000 | LR 1.26e-03 | α 0.0023
Epoch 063/120 [Balanced  ] | Retain 58.83%(32.9) | Forget 0.00%(27.0) | New 91.75%(46.1) | Combined 60.53% | Balanced 75.29% | H-Mean 74.08 | Efficiency 75.29 | Zero 0.000 | LR 1.25e-03 | α 0.0023
Epoch 064/120 [Balanced  ] | Retain 57.77%(32.9) | Forget 0.00%(26.9) | New 90.72%(46.3) | Combined 59.46% | Balanced 74.24% | H-Mean 73.23 | Efficiency 74.24 | Zero 0.000 | LR 1.25e-03 | α 0.0023
Epoch 065/120 [Balanced  ] | Retain 58.33%(32.6) | Forget 0.00%(27.1) | New 91.24%(45.5) | Combined 60.02% | Balanced 74.78% | H-Mean 73.68 | Efficiency 74.78 | Zero 0.000 | LR 1.24e-03 | α 0.0023
Epoch 066/120 [Balanced  ] | Retain 59.50%(33.0) | Forget 0.00%(27.5) | New 91.75%(46.4) | Combined 61.16% | Balanced 75.63% | H-Mean 74.61 | Efficiency 75.63 | Zero 0.000 | LR 1.23e-03 | α 0.0023
Epoch 067/120 [Balanced  ] | Retain 59.47%(33.0) | Forget 0.00%(27.3) | New 90.72%(45.8) | Combined 61.08% | Balanced 75.10% | H-Mean 74.59 | Efficiency 75.10 | Zero 0.000 | LR 1.22e-03 | α 0.0024
Epoch 068/120 [Balanced  ] | Retain 58.91%(33.2) | Forget 0.00%(27.6) | New 90.72%(47.1) | Combined 60.55% | Balanced 74.82% | H-Mean 74.15 | Efficiency 74.82 | Zero 0.000 | LR 1.22e-03 | α 0.0024
Epoch 069/120 [Balanced  ] | Retain 58.30%(33.0) | Forget 0.00%(27.5) | New 91.75%(47.1) | Combined 60.02% | Balanced 75.03% | H-Mean 73.66 | Efficiency 75.03 | Zero 0.000 | LR 1.21e-03 | α 0.0024
Epoch 070/120 [Balanced  ] | Retain 58.10%(33.3) | Forget 0.00%(27.8) | New 93.81%(47.9) | Combined 59.94% | Balanced 75.96% | H-Mean 73.50 | Efficiency 75.96 | Zero 0.000 | LR 1.20e-03 | α 0.0024
Epoch 071/120 [Balanced  ] | Retain 57.07%(32.8) | Forget 0.00%(27.7) | New 92.78%(47.3) | Combined 58.91% | Balanced 74.93% | H-Mean 72.67 | Efficiency 74.93 | Zero 0.000 | LR 1.19e-03 | α 0.0024
Epoch 072/120 [Balanced  ] | Retain 57.01%(32.8) | Forget 0.00%(27.5) | New 94.33%(47.9) | Combined 58.93% | Balanced 75.67% | H-Mean 72.62 | Efficiency 75.67 | Zero 0.000 | LR 1.19e-03 | α 0.0024
Epoch 073/120 [Balanced  ] | Retain 58.63%(32.4) | Forget 0.00%(27.2) | New 93.81%(48.0) | Combined 60.45% | Balanced 76.22% | H-Mean 73.92 | Efficiency 76.22 | Zero 0.000 | LR 1.18e-03 | α 0.0025
Epoch 074/120 [Balanced  ] | Retain 57.12%(32.7) | Forget 0.00%(28.1) | New 93.81%(48.8) | Combined 59.01% | Balanced 75.47% | H-Mean 72.71 | Efficiency 75.47 | Zero 0.000 | LR 1.17e-03 | α 0.0025
Epoch 075/120 [Balanced  ] | Retain 57.99%(32.1) | Forget 0.00%(27.2) | New 92.78%(46.9) | Combined 59.78% | Balanced 75.39% | H-Mean 73.41 | Efficiency 75.39 | Zero 0.000 | LR 1.16e-03 | α 0.0025
Epoch 076/120 [Balanced  ] | Retain 58.38%(33.1) | Forget 0.00%(27.5) | New 93.81%(48.1) | Combined 60.21% | Balanced 76.10% | H-Mean 73.72 | Efficiency 76.10 | Zero 0.000 | LR 1.16e-03 | α 0.0025
Epoch 077/120 [Balanced  ] | Retain 59.61%(33.2) | Forget 0.00%(27.5) | New 92.78%(47.7) | Combined 61.32% | Balanced 76.20% | H-Mean 74.70 | Efficiency 76.20 | Zero 0.000 | LR 1.15e-03 | α 0.0025
Epoch 078/120 [Balanced  ] | Retain 57.63%(32.8) | Forget 0.00%(26.9) | New 93.81%(48.5) | Combined 59.49% | Balanced 75.72% | H-Mean 73.12 | Efficiency 75.72 | Zero 0.000 | LR 1.14e-03 | α 0.0025
Epoch 079/120 [Balanced  ] | Retain 57.54%(31.6) | Forget 0.00%(26.6) | New 92.78%(48.1) | Combined 59.36% | Balanced 75.16% | H-Mean 73.05 | Efficiency 75.16 | Zero 0.000 | LR 1.13e-03 | α 0.0025

⏰ Early stopping triggered at epoch 79
   Best balanced accuracy: 76.67%

================================================================================
ENHANCED GS-LoRA STEP 5 COMPLETE
================================================================================
📊 Final Comprehensive Evaluation:
   Retain Classes (50-89):
     Accuracy: 57.46%
     F1-Score: 55.68%
     Confidence: 41.1%
   Forget Classes (40-49):
     Accuracy: 0.00% (lower is better)
     F1-Score: 0.00%
     Confidence: 34.4%
   New Classes (90-99):
     Accuracy: 95.88%
     F1-Score: 24.45%
     Confidence: 56.6%
   Combined Performance:
     Overall Accuracy: 59.44%
     Balanced Accuracy: 76.67%
   Model Efficiency:
     Zero Group Ratio: 0.000 (0.0% sparse)
     Efficiency Score: 76.67
   Training History: checkpoints/steps/training_history_step5.json
   Best Performance Achieved:
     Epoch: 44
     Combined Accuracy: 61.32%
     Balanced Accuracy: 75.47%
     Best Zero Ratio: 0.000
   Final Model: checkpoints/steps/50_99.pth
================================================================================
⚠️  Retain accuracy 57.46% below threshold 60.00%
⚠️  Combined accuracy 59.44% below threshold 60.00%
⚠️  Sparsity 0.000 below threshold 0.100
❌ Some success criteria not met, but training completed

⏱️  Training Time: 01:22:16

❌ Enhanced GS-LoRA Step 5 completed with issues!
📁 Model still saved to: checkpoints/steps/50_99.pth
💡 Consider adjusting hyperparameters or training for more epochs
